d:\s5623772\opengl-engine\openglsandbox\x64\debug\vc143.pdb
d:\s5623772\opengl-engine\openglsandbox\x64\debug\vc143.idb
d:\s5623772\opengl-engine\openglsandbox\x64\debug\window.obj
d:\s5623772\opengl-engine\openglsandbox\x64\debug\transform.obj
d:\s5623772\opengl-engine\openglsandbox\x64\debug\timemanager.obj
d:\s5623772\opengl-engine\openglsandbox\x64\debug\texture.obj
d:\s5623772\opengl-engine\openglsandbox\x64\debug\sharedstructs&enums.obj
d:\s5623772\opengl-engine\openglsandbox\x64\debug\shaderprogram.obj
d:\s5623772\opengl-engine\openglsandbox\x64\debug\shadermanager.obj
d:\s5623772\opengl-engine\openglsandbox\x64\debug\rigidbody.obj
d:\s5623772\opengl-engine\openglsandbox\x64\debug\rendertexture.obj
d:\s5623772\opengl-engine\openglsandbox\x64\debug\physicsmanager.obj
d:\s5623772\opengl-engine\openglsandbox\x64\debug\model.obj
d:\s5623772\opengl-engine\openglsandbox\x64\debug\main.obj
d:\s5623772\opengl-engine\openglsandbox\x64\debug\lookaroundcamera.obj
d:\s5623772\opengl-engine\openglsandbox\x64\debug\kinematicbody.obj
d:\s5623772\opengl-engine\openglsandbox\x64\debug\gameobject.obj
d:\s5623772\opengl-engine\openglsandbox\x64\debug\eventmanager.obj
d:\s5623772\opengl-engine\openglsandbox\x64\debug\dynamicbody.obj
d:\s5623772\opengl-engine\openglsandbox\x64\debug\collider.obj
d:\s5623772\opengl-engine\openglsandbox\x64\debug\camera.obj
d:\s5623772\opengl-engine\x64\debug\openglsandbox.exe
d:\s5623772\opengl-engine\x64\debug\openglsandbox.pdb
d:\s5623772\opengl-engine\openglsandbox\x64\debug\openglsandbox.ilk
c:\users\scott\documents\github\opengl-engine\openglsandbox\x64\debug\camera.obj
c:\users\scott\documents\github\opengl-engine\openglsandbox\x64\debug\collider.obj
c:\users\scott\documents\github\opengl-engine\openglsandbox\x64\debug\dynamicbody.obj
c:\users\scott\documents\github\opengl-engine\openglsandbox\x64\debug\eventmanager.obj
c:\users\scott\documents\github\opengl-engine\openglsandbox\x64\debug\gameobject.obj
c:\users\scott\documents\github\opengl-engine\openglsandbox\x64\debug\kinematicbody.obj
c:\users\scott\documents\github\opengl-engine\openglsandbox\x64\debug\lookaroundcamera.obj
c:\users\scott\documents\github\opengl-engine\openglsandbox\x64\debug\main.obj
c:\users\scott\documents\github\opengl-engine\openglsandbox\x64\debug\model.obj
c:\users\scott\documents\github\opengl-engine\openglsandbox\x64\debug\physicsmanager.obj
c:\users\scott\documents\github\opengl-engine\openglsandbox\x64\debug\rendertexture.obj
c:\users\scott\documents\github\opengl-engine\openglsandbox\x64\debug\rigidbody.obj
c:\users\scott\documents\github\opengl-engine\openglsandbox\x64\debug\shadermanager.obj
c:\users\scott\documents\github\opengl-engine\openglsandbox\x64\debug\shaderprogram.obj
c:\users\scott\documents\github\opengl-engine\openglsandbox\x64\debug\sharedstructs&enums.obj
c:\users\scott\documents\github\opengl-engine\openglsandbox\x64\debug\texture.obj
c:\users\scott\documents\github\opengl-engine\openglsandbox\x64\debug\timemanager.obj
c:\users\scott\documents\github\opengl-engine\openglsandbox\x64\debug\transform.obj
c:\users\scott\documents\github\opengl-engine\openglsandbox\x64\debug\window.obj
c:\users\scott\documents\github\opengl-engine\openglsandbox\x64\debug\openglsandbox.ilk
c:\users\scott\documents\github\opengl-engine\openglsandbox\x64\debug\vc143.idb
c:\users\scott\documents\github\opengl-engine\openglsandbox\x64\debug\vc143.pdb
c:\users\scott\documents\github\opengl-engine\x64\debug\openglsandbox.pdb
c:\users\scott\documents\github\opengl-engine\x64\debug\openglsandbox.exe
c:\users\scott\documents\github\opengl-engine\openglsandbox\x64\debug\openglsandbox.tlog\cl.command.1.tlog
c:\users\scott\documents\github\opengl-engine\openglsandbox\x64\debug\openglsandbox.tlog\cl.items.tlog
c:\users\scott\documents\github\opengl-engine\openglsandbox\x64\debug\openglsandbox.tlog\cl.read.1.tlog
c:\users\scott\documents\github\opengl-engine\openglsandbox\x64\debug\openglsandbox.tlog\cl.write.1.tlog
c:\users\scott\documents\github\opengl-engine\openglsandbox\x64\debug\openglsandbox.tlog\link.command.1.tlog
c:\users\scott\documents\github\opengl-engine\openglsandbox\x64\debug\openglsandbox.tlog\link.read.1.tlog
c:\users\scott\documents\github\opengl-engine\openglsandbox\x64\debug\openglsandbox.tlog\link.secondary.1.tlog
c:\users\scott\documents\github\opengl-engine\openglsandbox\x64\debug\openglsandbox.tlog\link.write.1.tlog
