  Background.cpp
  Camera.cpp
C:\Users\Scott\Documents\GitHub\OpenGL-Engine\Camera.cpp(29,37): warning C4244: '+=': conversion from 'double' to 'float', possible loss of data
C:\Users\Scott\Documents\GitHub\OpenGL-Engine\Camera.cpp(30,39): warning C4244: '-=': conversion from 'double' to 'float', possible loss of data
  Collider.cpp
  DynamicBody.cpp
  EventManager.cpp
  Game.cpp
  GameObject.cpp
  GameState.cpp
  HUDObject.cpp
  KinematicBody.cpp
  LookAroundCamera.cpp
C:\Users\Scott\Documents\GitHub\OpenGL-Engine\LookAroundCamera.cpp(10,29): warning C4244: '+=': conversion from 'double' to 'float', possible loss of data
C:\Users\Scott\Documents\GitHub\OpenGL-Engine\LookAroundCamera.cpp(11,31): warning C4244: '-=': conversion from 'double' to 'float', possible loss of data
  main.cpp
C:\Users\Scott\Documents\GitHub\OpenGL-Engine\main.cpp(23,12): warning C4244: 'argument': conversion from 'time_t' to 'unsigned int', possible loss of data
  Model.cpp
  PhysicsManager.cpp
  RenderTexture.cpp
  Rigidbody.cpp
  ShaderManager.cpp
  ShaderProgram.cpp
  ShaderStore.cpp
  SharedStructs&Enums.h
  Generating Code...
  Compiling...
  Texture.cpp
C:\Users\Scott\Documents\GitHub\OpenGL-Engine\Texture.cpp(42,30): warning C4244: '=': conversion from 'const T' to '_Ty', possible loss of data
C:\Users\Scott\Documents\GitHub\OpenGL-Engine\Texture.cpp(42,30): warning C4244:         with
C:\Users\Scott\Documents\GitHub\OpenGL-Engine\Texture.cpp(42,30): warning C4244:         [
C:\Users\Scott\Documents\GitHub\OpenGL-Engine\Texture.cpp(42,30): warning C4244:             T=float
C:\Users\Scott\Documents\GitHub\OpenGL-Engine\Texture.cpp(42,30): warning C4244:         ]
C:\Users\Scott\Documents\GitHub\OpenGL-Engine\Texture.cpp(42,30): warning C4244:         and
C:\Users\Scott\Documents\GitHub\OpenGL-Engine\Texture.cpp(42,30): warning C4244:         [
C:\Users\Scott\Documents\GitHub\OpenGL-Engine\Texture.cpp(42,30): warning C4244:             _Ty=unsigned char
C:\Users\Scott\Documents\GitHub\OpenGL-Engine\Texture.cpp(42,30): warning C4244:         ]
  TimeManager.cpp
C:\Users\Scott\Documents\GitHub\OpenGL-Engine\TimeManager.cpp(14,14): warning C4018: '<': signed/unsigned mismatch
  TitleText.cpp
  TitleTextBG.cpp
  Transform.cpp
  Window.cpp
  Generating Code...
  OpenGLSandbox.vcxproj -> C:\Users\Scott\Documents\GitHub\OpenGL-Engine\x64\Debug\OpenGLSandbox.exe
